<?xml version="1.0" encoding="UTF-8"?>
<Configuration status="INFO">
	<Appenders>
		<Console name="Console" target="SYSTEM_OUT">
			<PatternLayout pattern="%d{ABSOLUTE} %5p %c{1}\:%L - %m%n" />
		</Console>
	</Appenders>
	<Loggers>
		<Root level="info">
			<AppenderRef ref="Console" level="info" />
		</Root>
		<Logger name="org.springframework.jdbc" level="info"
			additivity="false">
			<Appender-Ref ref="Console" />
		</Logger>
		<Logger name="com.atomikos" level="warn"
			additivity="false">
			<Appender-Ref ref="Console" />
		</Logger>
	</Loggers>
</Configuration>
